<?xml version="1.0" encoding="UTF-8"?>
<!-- Generated by org.testng.reporters.JUnitReportReporter -->
<testsuite skipped="0" hostname="LAPTOP-LNB1H88U" name="com.wbl.mavenseleniumjava.SeleniumTest" tests="2" failures="0" timestamp="2021-09-17T18:50:20 MDT" time="0.011" errors="0">
  <testcase name="elementsUi" time="0.001" classname="com.wbl.mavenseleniumjava.SeleniumTest"/>
  <system-out/>
  <testcase name="BrowserAutomation" time="0.010" classname="com.wbl.mavenseleniumjava.SeleniumTest"/>
  <system-out/>
</testsuite> <!-- com.wbl.mavenseleniumjava.SeleniumTest -->
