<?xml version="1.0" encoding="UTF-8"?>
<!-- Generated by org.testng.reporters.JUnitReportReporter -->
<testsuite skipped="0" hostname="LAPTOP-LNB1H88U" name="com.wbl.mavenseleniumjava.SeleniumTest" tests="2" failures="0" timestamp="20 Sep 2021 22:50:36 GMT" time="0.000" errors="0">
  <testcase name="BrowserAutomation" time="0.000" classname="com.wbl.mavenseleniumjava.SeleniumTest"/>
  <testcase name="elementsUi" time="0.000" classname="com.wbl.mavenseleniumjava.SeleniumTest"/>
</testsuite> <!-- com.wbl.mavenseleniumjava.SeleniumTest -->
