<?xml version="1.0" encoding="UTF-8"?>
<!-- Generated by org.testng.reporters.JUnitReportReporter -->
<testsuite skipped="0" hostname="LAPTOP-LNB1H88U" name="com.wbl.mavenseleniumjava.RestApiTest" tests="2" failures="0" timestamp="20 Sep 2021 22:50:36 GMT" time="0.008" errors="0">
  <testcase name="deleteTwitter" time="0.007" classname="com.wbl.mavenseleniumjava.RestApiTest"/>
  <testcase name="postJira" time="0.001" classname="com.wbl.mavenseleniumjava.RestApiTest"/>
</testsuite> <!-- com.wbl.mavenseleniumjava.RestApiTest -->
